[2025-03-19 16:45:49,474] [Thread-1 (run)] [INFO] Starting Brainflow Session (with Bluetooth connection)
[2025-03-19 16:45:49,475] [Thread-1 (run)] [INFO] Starting dashboard.
[2025-03-19 16:45:49,481] [thread_brainflow] [INFO] Starting brainflow session.
[2025-03-19 16:45:49,481] [Thread-1 (run)] [INFO] EEG description: {'eeg_channels': [1, 2, 3, 4], 'eeg_names': 'TP9,Fp1,Fp2,TP10', 'marker_channel': 7, 'name': 'MuseS', 'num_rows': 8, 'other_channels': [5], 'package_num_channel': 0, 'sampling_rate': 256, 'timestamp_channel': 6}
[2025-03-19 16:45:49,482] [Thread-1 (run)] [INFO] Gyro description: {'accel_channels': [1, 2, 3], 'gyro_channels': [4, 5, 6], 'marker_channel': 8, 'name': 'MuseSAux', 'num_rows': 9, 'package_num_channel': 0, 'sampling_rate': 52, 'timestamp_channel': 7}
[2025-03-19 16:45:49,488] [Thread-1 (run)] [INFO] PPG description: {'marker_channel': 5, 'name': 'MuseSAnc', 'num_rows': 6, 'package_num_channel': 0, 'ppg_channels': [1, 2, 3], 'sampling_rate': 64, 'timestamp_channel': 4}
[2025-03-19 16:45:49,493] [Thread-1 (run)] [INFO] Starting 'BrainPower' Power Metric stream.
[2025-03-19 16:45:49,496] [Thread-1 (run)] [INFO] 'BrainPower' Power Metric stream started.
[2025-03-19 16:45:49,497] [Thread-1 (run)] [INFO] Starting 'SpectralPower' stream.
[2025-03-19 16:45:49,503] [Thread-1 (run)] [INFO] 'SpectralPower' Power Metric stream started.
[2025-03-19 16:45:49,504] [Thread-1 (run)] [INFO] Starting LSL event listener.
[2025-03-19 16:45:49,505] [Thread-1 (run)] [INFO] Starting 'ixr-flow-lsl-relay' LSL event relay stream.
[2025-03-19 16:45:49,510] [Thread-1 (run)] [INFO] 'ixr-flow-lsl-relay' LSL event relay stream started.
[2025-03-19 16:45:49,511] [Thread-1 (run)] [INFO] Starting Brainflow LSL data publisher.
[2025-03-19 16:45:49,513] [Thread-1 (run)] [INFO] Running IXR-flow as long as the dashboard is open, please close the dashboard to close IXR-flow.
[2025-03-19 16:45:49,516] [lsl_data_pusher] [INFO] Starting 'ixr-flow-eeg-data' LSL Data Publisher stream.
[2025-03-19 16:45:49,524] [lsl_data_pusher] [INFO] 'ixr-flow-eeg-data' LSL Data Publisher stream started.
[2025-03-19 16:45:49,525] [lsl_data_pusher] [INFO] Starting 'ixr-flow-gyro-data' LSL Data Publisher stream.
[2025-03-19 16:45:49,560] [lsl_data_pusher] [INFO] 'ixr-flow-gyro-data' LSL Data Publisher stream started.
[2025-03-19 16:45:49,592] [lsl_data_pusher] [INFO] Starting 'ixr-flow-ppg-data' LSL Data Publisher stream.
[2025-03-19 16:45:50,322] [lsl_data_pusher] [INFO] 'ixr-flow-ppg-data' LSL Data Publisher stream started.
