[2025-03-19 12:21:44,130] [Thread-1 (run)] [INFO] Starting Brainflow Session (with Bluetooth connection)
[2025-03-19 12:21:44,134] [Thread-1 (run)] [INFO] Starting dashboard.
[2025-03-19 12:21:44,142] [MainThread] [WARNING] A file with this name ixr_flow.log already exists. The old file has been renamed with a timestamp.
[2025-03-19 12:21:44,145] [thread_brainflow] [INFO] Starting brainflow session.
[2025-03-19 12:21:44,146] [Thread-1 (run)] [INFO] EEG description: {'eeg_channels': [1, 2, 3, 4], 'eeg_names': 'TP9,Fp1,Fp2,TP10', 'marker_channel': 7, 'name': 'MuseS', 'num_rows': 8, 'other_channels': [5], 'package_num_channel': 0, 'sampling_rate': 256, 'timestamp_channel': 6}
[2025-03-19 12:21:44,155] [Thread-1 (run)] [INFO] Gyro description: {'accel_channels': [1, 2, 3], 'gyro_channels': [4, 5, 6], 'marker_channel': 8, 'name': 'MuseSAux', 'num_rows': 9, 'package_num_channel': 0, 'sampling_rate': 52, 'timestamp_channel': 7}
[2025-03-19 12:21:44,175] [Thread-1 (run)] [INFO] PPG description: {'marker_channel': 5, 'name': 'MuseSAnc', 'num_rows': 6, 'package_num_channel': 0, 'ppg_channels': [1, 2, 3], 'sampling_rate': 64, 'timestamp_channel': 4}
[2025-03-19 12:21:44,183] [Thread-1 (run)] [INFO] Starting 'BrainPower' Power Metric stream.
[2025-03-19 12:21:44,194] [Thread-1 (run)] [INFO] 'BrainPower' Power Metric stream started.
[2025-03-19 12:21:44,194] [Thread-1 (run)] [INFO] Starting 'SpectralPower' stream.
[2025-03-19 12:21:44,201] [Thread-1 (run)] [INFO] 'SpectralPower' Power Metric stream started.
[2025-03-19 12:21:44,203] [Thread-1 (run)] [INFO] Starting LSL event listener.
[2025-03-19 12:21:44,204] [Thread-1 (run)] [INFO] Starting 'ixr-flow-lsl-relay' LSL event relay stream.
[2025-03-19 12:21:44,212] [Thread-1 (run)] [INFO] 'ixr-flow-lsl-relay' LSL event relay stream started.
[2025-03-19 12:21:44,215] [Thread-1 (run)] [INFO] Starting Brainflow LSL data publisher.
[2025-03-19 12:21:44,224] [lsl_data_pusher] [INFO] Starting 'ixr-flow-eeg-data' LSL Data Publisher stream.
[2025-03-19 12:21:44,225] [Thread-1 (run)] [INFO] Running IXR-flow as long as the dashboard is open, please close the dashboard to close IXR-flow.
[2025-03-19 12:21:44,353] [lsl_data_pusher] [INFO] 'ixr-flow-eeg-data' LSL Data Publisher stream started.
[2025-03-19 12:21:44,380] [lsl_data_pusher] [INFO] Starting 'ixr-flow-gyro-data' LSL Data Publisher stream.
[2025-03-19 12:21:46,812] [lsl_data_pusher] [INFO] 'ixr-flow-gyro-data' LSL Data Publisher stream started.
[2025-03-19 12:21:46,813] [lsl_data_pusher] [INFO] Starting 'ixr-flow-ppg-data' LSL Data Publisher stream.
[2025-03-19 12:21:46,836] [lsl_data_pusher] [INFO] 'ixr-flow-ppg-data' LSL Data Publisher stream started.
[2025-03-19 12:21:49,112] [thread_brainflow] [INFO] Succesfully started brainflow session.
[2025-03-19 12:35:03,140] [thread_brainflow] [WARNING] Brainflow session connection time out, trying to reconnect.
[2025-03-19 12:35:04,163] [thread_brainflow] [INFO] Starting brainflow session.
[2025-03-19 12:35:07,054] [thread_brainflow] [INFO] Succesfully started brainflow session.
[2025-03-19 13:48:02,512] [thread_brainflow] [WARNING] Brainflow session connection time out, trying to reconnect.
[2025-03-19 13:48:06,596] [thread_brainflow] [INFO] Starting brainflow session.
[2025-03-19 13:48:38,527] [thread_brainflow] [INFO] Failed to prepare sessions, trying again.
[2025-03-19 13:48:38,533] [thread_brainflow] [INFO] Starting brainflow session.
[2025-03-19 13:49:09,686] [thread_brainflow] [INFO] Failed to prepare sessions, trying again.
[2025-03-19 13:49:09,689] [thread_brainflow] [INFO] Starting brainflow session.
[2025-03-19 13:49:40,784] [thread_brainflow] [INFO] Failed to prepare sessions, trying again.
[2025-03-19 13:49:40,786] [thread_brainflow] [INFO] Starting brainflow session.
[2025-03-19 13:50:11,871] [thread_brainflow] [INFO] Failed to prepare sessions, trying again.
[2025-03-19 13:50:11,872] [thread_brainflow] [INFO] Starting brainflow session.
[2025-03-19 13:50:42,961] [thread_brainflow] [INFO] Failed to prepare sessions, trying again.
[2025-03-19 13:50:42,963] [thread_brainflow] [INFO] Starting brainflow session.
[2025-03-19 13:51:14,057] [thread_brainflow] [INFO] Failed to prepare sessions, trying again.
[2025-03-19 13:51:14,058] [thread_brainflow] [INFO] Starting brainflow session.
[2025-03-19 16:18:00,973] [Thread-1 (run)] [INFO] IXR-flow dashboard closed, terminating all child threads.
[2025-03-19 16:18:01,175] [Thread-1 (run)] [INFO] Releasing all brainflow sessions.
[2025-03-19 16:18:01,176] [Thread-1 (run)] [INFO] Successfully shutdown.
[2025-03-19 16:18:01,181] [Thread-1 (run)] [INFO] Releasing all brainflow sessions.
