[2025-03-19 19:35:33,951] [Thread-2 (run)] [INFO] Starting Brainflow Session (with Bluetooth connection)
[2025-03-19 19:35:33,952] [Thread-2 (run)] [INFO] Starting dashboard.
[2025-03-19 19:35:33,952] [thread_brainflow] [INFO] Starting brainflow session.
[2025-03-19 19:35:33,952] [Thread-2 (run)] [INFO] EEG description: {'eeg_channels': [1, 2, 3, 4], 'eeg_names': 'TP9,Fp1,Fp2,TP10', 'marker_channel': 7, 'name': 'MuseS', 'num_rows': 8, 'other_channels': [5], 'package_num_channel': 0, 'sampling_rate': 256, 'timestamp_channel': 6}
[2025-03-19 19:35:33,953] [Thread-2 (run)] [INFO] Gyro description: {'accel_channels': [1, 2, 3], 'gyro_channels': [4, 5, 6], 'marker_channel': 8, 'name': 'MuseSAux', 'num_rows': 9, 'package_num_channel': 0, 'sampling_rate': 52, 'timestamp_channel': 7}
[2025-03-19 19:35:33,958] [Thread-2 (run)] [INFO] PPG description: {'marker_channel': 5, 'name': 'MuseSAnc', 'num_rows': 6, 'package_num_channel': 0, 'ppg_channels': [1, 2, 3], 'sampling_rate': 64, 'timestamp_channel': 4}
[2025-03-19 19:35:33,959] [Thread-2 (run)] [INFO] Starting 'BrainPower' Power Metric stream.
[2025-03-19 19:35:33,961] [Thread-2 (run)] [INFO] 'BrainPower' Power Metric stream started.
[2025-03-19 19:35:33,962] [Thread-2 (run)] [INFO] Starting 'SpectralPower' stream.
[2025-03-19 19:35:33,965] [Thread-2 (run)] [INFO] 'SpectralPower' Power Metric stream started.
[2025-03-19 19:35:33,965] [Thread-2 (run)] [INFO] Starting LSL event listener.
[2025-03-19 19:35:33,966] [Thread-2 (run)] [INFO] Starting 'ixr-flow-lsl-relay' LSL event relay stream.
[2025-03-19 19:35:33,994] [Thread-2 (run)] [INFO] 'ixr-flow-lsl-relay' LSL event relay stream started.
[2025-03-19 19:35:33,999] [Thread-2 (run)] [INFO] Starting Brainflow LSL data publisher.
[2025-03-19 19:35:34,003] [Thread-2 (run)] [INFO] Running IXR-flow as long as the dashboard is open, please close the dashboard to close IXR-flow.
[2025-03-19 19:35:34,006] [lsl_data_pusher] [INFO] Starting 'ixr-flow-eeg-data' LSL Data Publisher stream.
[2025-03-19 19:35:34,014] [lsl_data_pusher] [INFO] 'ixr-flow-eeg-data' LSL Data Publisher stream started.
[2025-03-19 19:35:34,014] [lsl_data_pusher] [INFO] Starting 'ixr-flow-gyro-data' LSL Data Publisher stream.
[2025-03-19 19:35:34,021] [lsl_data_pusher] [INFO] 'ixr-flow-gyro-data' LSL Data Publisher stream started.
[2025-03-19 19:35:34,021] [lsl_data_pusher] [INFO] Starting 'ixr-flow-ppg-data' LSL Data Publisher stream.
[2025-03-19 19:35:34,024] [lsl_data_pusher] [INFO] 'ixr-flow-ppg-data' LSL Data Publisher stream started.
[2025-03-19 19:35:37,973] [thread_brainflow] [INFO] Succesfully started brainflow session.
[2025-03-19 19:35:39,974] [thread_brainflow] [WARNING] Brainflow session connection time out, trying to reconnect.
[2025-03-19 19:35:44,098] [thread_brainflow] [INFO] Starting brainflow session.
[2025-03-19 19:35:44,115] [Thread-2 (run)] [INFO] IXR-flow dashboard closed, terminating all child threads.
