[2025-03-19 19:29:34,979] [Thread-1 (run)] [INFO] Starting Brainflow Session (with Bluetooth connection)
[2025-03-19 19:29:34,980] [Thread-1 (run)] [INFO] Starting dashboard.
[2025-03-19 19:29:34,983] [thread_brainflow] [INFO] Starting brainflow session.
[2025-03-19 19:29:34,984] [Thread-1 (run)] [INFO] EEG description: {'eeg_channels': [1, 2, 3, 4], 'eeg_names': 'TP9,Fp1,Fp2,TP10', 'marker_channel': 7, 'name': 'MuseS', 'num_rows': 8, 'other_channels': [5], 'package_num_channel': 0, 'sampling_rate': 256, 'timestamp_channel': 6}
[2025-03-19 19:29:34,984] [Thread-1 (run)] [INFO] Gyro description: {'accel_channels': [1, 2, 3], 'gyro_channels': [4, 5, 6], 'marker_channel': 8, 'name': 'MuseSAux', 'num_rows': 9, 'package_num_channel': 0, 'sampling_rate': 52, 'timestamp_channel': 7}
[2025-03-19 19:29:34,985] [Thread-1 (run)] [INFO] PPG description: {'marker_channel': 5, 'name': 'MuseSAnc', 'num_rows': 6, 'package_num_channel': 0, 'ppg_channels': [1, 2, 3], 'sampling_rate': 64, 'timestamp_channel': 4}
[2025-03-19 19:29:34,988] [Thread-1 (run)] [INFO] Starting 'BrainPower' Power Metric stream.
[2025-03-19 19:29:34,995] [Thread-1 (run)] [INFO] 'BrainPower' Power Metric stream started.
[2025-03-19 19:29:34,996] [Thread-1 (run)] [INFO] Starting 'SpectralPower' stream.
[2025-03-19 19:29:34,999] [Thread-1 (run)] [INFO] 'SpectralPower' Power Metric stream started.
[2025-03-19 19:29:34,999] [Thread-1 (run)] [INFO] Starting LSL event listener.
[2025-03-19 19:29:35,000] [Thread-1 (run)] [INFO] Starting 'ixr-flow-lsl-relay' LSL event relay stream.
[2025-03-19 19:29:35,003] [Thread-1 (run)] [INFO] 'ixr-flow-lsl-relay' LSL event relay stream started.
[2025-03-19 19:29:35,004] [Thread-1 (run)] [INFO] Starting Brainflow LSL data publisher.
[2025-03-19 19:29:35,009] [Thread-1 (run)] [INFO] Running IXR-flow as long as the dashboard is open, please close the dashboard to close IXR-flow.
[2025-03-19 19:29:35,009] [lsl_data_pusher] [INFO] Starting 'ixr-flow-eeg-data' LSL Data Publisher stream.
[2025-03-19 19:29:35,015] [lsl_data_pusher] [INFO] 'ixr-flow-eeg-data' LSL Data Publisher stream started.
[2025-03-19 19:29:35,016] [lsl_data_pusher] [INFO] Starting 'ixr-flow-gyro-data' LSL Data Publisher stream.
[2025-03-19 19:29:35,073] [lsl_data_pusher] [INFO] 'ixr-flow-gyro-data' LSL Data Publisher stream started.
[2025-03-19 19:29:35,584] [lsl_data_pusher] [INFO] Starting 'ixr-flow-ppg-data' LSL Data Publisher stream.
[2025-03-19 19:29:35,590] [lsl_data_pusher] [INFO] 'ixr-flow-ppg-data' LSL Data Publisher stream started.
[2025-03-19 19:29:39,548] [thread_brainflow] [INFO] Succesfully started brainflow session.
[2025-03-19 19:29:41,550] [thread_brainflow] [WARNING] Brainflow session connection time out, trying to reconnect.
[2025-03-19 19:29:45,673] [thread_brainflow] [INFO] Starting brainflow session.
[2025-03-19 19:29:50,202] [thread_brainflow] [INFO] Succesfully started brainflow session.
[2025-03-19 19:29:52,203] [thread_brainflow] [WARNING] Brainflow session connection time out, trying to reconnect.
[2025-03-19 19:29:56,336] [thread_brainflow] [INFO] Starting brainflow session.
[2025-03-19 19:30:00,805] [thread_brainflow] [INFO] Succesfully started brainflow session.
[2025-03-19 19:30:02,806] [thread_brainflow] [WARNING] Brainflow session connection time out, trying to reconnect.
[2025-03-19 19:30:06,937] [thread_brainflow] [INFO] Starting brainflow session.
[2025-03-19 19:30:11,265] [thread_brainflow] [INFO] Succesfully started brainflow session.
[2025-03-19 19:30:13,268] [thread_brainflow] [WARNING] Brainflow session connection time out, trying to reconnect.
[2025-03-19 19:30:17,571] [thread_brainflow] [INFO] Starting brainflow session.
[2025-03-19 19:30:17,732] [Thread-1 (run)] [INFO] IXR-flow dashboard closed, terminating all child threads.
[2025-03-19 19:30:19,352] [MainThread] [WARNING] A file with this name ixr_flow.log already exists. The old file has been renamed with a timestamp.
[2025-03-19 19:30:22,056] [thread_brainflow] [INFO] Succesfully started brainflow session.
[2025-03-19 19:30:24,057] [Thread-1 (run)] [INFO] Releasing all brainflow sessions.
[2025-03-19 19:30:28,190] [Thread-1 (run)] [INFO] Successfully shutdown.
[2025-03-19 19:30:28,190] [Thread-1 (run)] [INFO] Releasing all brainflow sessions.
