[2025-03-19 18:06:49,367] [Thread-1 (run)] [INFO] Starting Brainflow Session (with Bluetooth connection)
[2025-03-19 18:06:49,368] [Thread-1 (run)] [INFO] Starting dashboard.
[2025-03-19 18:06:49,372] [thread_brainflow] [INFO] Starting brainflow session.
[2025-03-19 18:06:49,372] [Thread-1 (run)] [INFO] EEG description: {'eeg_channels': [1, 2, 3, 4], 'eeg_names': 'TP9,Fp1,Fp2,TP10', 'marker_channel': 7, 'name': 'MuseS', 'num_rows': 8, 'other_channels': [5], 'package_num_channel': 0, 'sampling_rate': 256, 'timestamp_channel': 6}
[2025-03-19 18:06:49,373] [Thread-1 (run)] [INFO] Gyro description: {'accel_channels': [1, 2, 3], 'gyro_channels': [4, 5, 6], 'marker_channel': 8, 'name': 'MuseSAux', 'num_rows': 9, 'package_num_channel': 0, 'sampling_rate': 52, 'timestamp_channel': 7}
[2025-03-19 18:06:49,378] [MainThread] [WARNING] A file with this name ixr_flow.log already exists. The old file has been renamed with a timestamp.
[2025-03-19 18:06:49,379] [Thread-1 (run)] [INFO] PPG description: {'marker_channel': 5, 'name': 'MuseSAnc', 'num_rows': 6, 'package_num_channel': 0, 'ppg_channels': [1, 2, 3], 'sampling_rate': 64, 'timestamp_channel': 4}
[2025-03-19 18:06:49,385] [Thread-1 (run)] [INFO] Starting 'BrainPower' Power Metric stream.
[2025-03-19 18:06:49,388] [Thread-1 (run)] [INFO] 'BrainPower' Power Metric stream started.
[2025-03-19 18:06:49,388] [Thread-1 (run)] [INFO] Starting 'SpectralPower' stream.
[2025-03-19 18:06:49,391] [Thread-1 (run)] [INFO] 'SpectralPower' Power Metric stream started.
[2025-03-19 18:06:49,393] [Thread-1 (run)] [INFO] Starting LSL event listener.
[2025-03-19 18:06:49,393] [Thread-1 (run)] [INFO] Starting 'ixr-flow-lsl-relay' LSL event relay stream.
[2025-03-19 18:06:49,399] [Thread-1 (run)] [INFO] 'ixr-flow-lsl-relay' LSL event relay stream started.
[2025-03-19 18:06:49,400] [Thread-1 (run)] [INFO] Starting Brainflow LSL data publisher.
[2025-03-19 18:06:49,402] [Thread-1 (run)] [INFO] Running IXR-flow as long as the dashboard is open, please close the dashboard to close IXR-flow.
[2025-03-19 18:06:49,405] [lsl_data_pusher] [INFO] Starting 'ixr-flow-eeg-data' LSL Data Publisher stream.
[2025-03-19 18:06:49,443] [lsl_data_pusher] [INFO] 'ixr-flow-eeg-data' LSL Data Publisher stream started.
[2025-03-19 18:06:49,475] [lsl_data_pusher] [INFO] Starting 'ixr-flow-gyro-data' LSL Data Publisher stream.
[2025-03-19 18:06:49,796] [lsl_data_pusher] [INFO] 'ixr-flow-gyro-data' LSL Data Publisher stream started.
[2025-03-19 18:06:49,799] [lsl_data_pusher] [INFO] Starting 'ixr-flow-ppg-data' LSL Data Publisher stream.
[2025-03-19 18:06:49,812] [lsl_data_pusher] [INFO] 'ixr-flow-ppg-data' LSL Data Publisher stream started.
[2025-03-19 18:06:55,919] [thread_brainflow] [INFO] Succesfully started brainflow session.
[2025-03-19 18:28:19,810] [Thread-1 (run)] [INFO] IXR-flow dashboard closed, terminating all child threads.
[2025-03-19 18:28:20,531] [Thread-1 (run)] [INFO] Releasing all brainflow sessions.
[2025-03-19 18:28:24,926] [Thread-1 (run)] [INFO] Successfully shutdown.
[2025-03-19 18:28:24,927] [Thread-1 (run)] [INFO] Releasing all brainflow sessions.
