[2025-03-17 11:00:37,552] [Thread-1 (run)] [INFO] Starting Brainflow Session (with Bluetooth connection)
[2025-03-17 11:00:37,554] [Thread-1 (run)] [INFO] Starting dashboard.
[2025-03-17 11:00:37,560] [thread_brainflow] [INFO] Starting brainflow session.
[2025-03-17 11:00:37,560] [Thread-1 (run)] [INFO] EEG description: {'eeg_channels': [1, 2, 3, 4], 'eeg_names': 'TP9,Fp1,Fp2,TP10', 'marker_channel': 7, 'name': 'MuseS', 'num_rows': 8, 'other_channels': [5], 'package_num_channel': 0, 'sampling_rate': 256, 'timestamp_channel': 6}
[2025-03-17 11:00:37,560] [Thread-1 (run)] [INFO] Gyro description: {'accel_channels': [1, 2, 3], 'gyro_channels': [4, 5, 6], 'marker_channel': 8, 'name': 'MuseSAux', 'num_rows': 9, 'package_num_channel': 0, 'sampling_rate': 52, 'timestamp_channel': 7}
[2025-03-17 11:00:37,561] [Thread-1 (run)] [INFO] PPG description: {'marker_channel': 5, 'name': 'MuseSAnc', 'num_rows': 6, 'package_num_channel': 0, 'ppg_channels': [1, 2, 3], 'sampling_rate': 64, 'timestamp_channel': 4}
[2025-03-17 11:00:37,566] [Thread-1 (run)] [INFO] Starting 'BrainPower' Power Metric stream.
[2025-03-17 11:00:37,570] [Thread-1 (run)] [INFO] 'BrainPower' Power Metric stream started.
[2025-03-17 11:00:37,570] [Thread-1 (run)] [INFO] Starting 'SpectralPower' stream.
[2025-03-17 11:00:37,574] [Thread-1 (run)] [INFO] 'SpectralPower' Power Metric stream started.
[2025-03-17 11:00:37,575] [Thread-1 (run)] [INFO] Starting LSL event listener.
[2025-03-17 11:00:37,575] [Thread-1 (run)] [INFO] Starting 'ixr-flow-lsl-relay' LSL event relay stream.
[2025-03-17 11:00:37,579] [Thread-1 (run)] [INFO] 'ixr-flow-lsl-relay' LSL event relay stream started.
[2025-03-17 11:00:37,580] [Thread-1 (run)] [INFO] Starting Brainflow LSL data publisher.
[2025-03-17 11:00:37,584] [lsl_data_pusher] [INFO] Starting 'ixr-flow-eeg-data' LSL Data Publisher stream.
[2025-03-17 11:00:37,584] [Thread-1 (run)] [INFO] Running IXR-flow as long as the dashboard is open, please close the dashboard to close IXR-flow.
[2025-03-17 11:00:37,590] [lsl_data_pusher] [INFO] 'ixr-flow-eeg-data' LSL Data Publisher stream started.
[2025-03-17 11:00:37,592] [lsl_data_pusher] [INFO] Starting 'ixr-flow-gyro-data' LSL Data Publisher stream.
[2025-03-17 11:00:37,600] [lsl_data_pusher] [INFO] 'ixr-flow-gyro-data' LSL Data Publisher stream started.
[2025-03-17 11:00:37,601] [lsl_data_pusher] [INFO] Starting 'ixr-flow-ppg-data' LSL Data Publisher stream.
[2025-03-17 11:00:37,698] [lsl_data_pusher] [INFO] 'ixr-flow-ppg-data' LSL Data Publisher stream started.
[2025-03-17 11:00:50,098] [thread_brainflow] [INFO] Succesfully started brainflow session.
[2025-03-17 11:03:47,953] [thread_brainflow] [WARNING] Brainflow session connection time out, trying to reconnect.
[2025-03-17 11:03:48,976] [thread_brainflow] [INFO] Starting brainflow session.
[2025-03-17 11:03:55,273] [thread_brainflow] [INFO] Succesfully started brainflow session.
[2025-03-17 11:09:20,382] [Thread-1 (run)] [INFO] IXR-flow dashboard closed, terminating all child threads.
[2025-03-17 11:09:20,858] [Thread-1 (run)] [INFO] Releasing all brainflow sessions.
[2025-03-17 11:09:23,153] [Thread-1 (run)] [INFO] Successfully shutdown.
[2025-03-17 11:09:23,154] [Thread-1 (run)] [INFO] Releasing all brainflow sessions.
