[2025-03-17 11:48:17,736] [Thread-1 (run)] [INFO] Starting Brainflow Session (with Bluetooth connection)
[2025-03-17 11:48:17,737] [Thread-1 (run)] [INFO] Starting dashboard.
[2025-03-17 11:48:17,740] [thread_brainflow] [INFO] Starting brainflow session.
[2025-03-17 11:48:17,741] [Thread-1 (run)] [INFO] EEG description: {'eeg_channels': [1, 2, 3, 4], 'eeg_names': 'TP9,Fp1,Fp2,TP10', 'marker_channel': 7, 'name': 'MuseS', 'num_rows': 8, 'other_channels': [5], 'package_num_channel': 0, 'sampling_rate': 256, 'timestamp_channel': 6}
[2025-03-17 11:48:17,741] [Thread-1 (run)] [INFO] Gyro description: {'accel_channels': [1, 2, 3], 'gyro_channels': [4, 5, 6], 'marker_channel': 8, 'name': 'MuseSAux', 'num_rows': 9, 'package_num_channel': 0, 'sampling_rate': 52, 'timestamp_channel': 7}
[2025-03-17 11:48:17,742] [Thread-1 (run)] [INFO] PPG description: {'marker_channel': 5, 'name': 'MuseSAnc', 'num_rows': 6, 'package_num_channel': 0, 'ppg_channels': [1, 2, 3], 'sampling_rate': 64, 'timestamp_channel': 4}
[2025-03-17 11:48:17,744] [Thread-1 (run)] [INFO] Starting 'BrainPower' Power Metric stream.
[2025-03-17 11:48:17,747] [Thread-1 (run)] [INFO] 'BrainPower' Power Metric stream started.
[2025-03-17 11:48:17,748] [Thread-1 (run)] [INFO] Starting 'SpectralPower' stream.
[2025-03-17 11:48:17,751] [Thread-1 (run)] [INFO] 'SpectralPower' Power Metric stream started.
[2025-03-17 11:48:17,751] [Thread-1 (run)] [INFO] Starting LSL event listener.
[2025-03-17 11:48:17,752] [Thread-1 (run)] [INFO] Starting 'ixr-flow-lsl-relay' LSL event relay stream.
[2025-03-17 11:48:17,754] [Thread-1 (run)] [INFO] 'ixr-flow-lsl-relay' LSL event relay stream started.
[2025-03-17 11:48:17,754] [Thread-1 (run)] [INFO] Starting Brainflow LSL data publisher.
[2025-03-17 11:48:17,759] [Thread-1 (run)] [INFO] Running IXR-flow as long as the dashboard is open, please close the dashboard to close IXR-flow.
[2025-03-17 11:48:17,759] [lsl_data_pusher] [INFO] Starting 'ixr-flow-eeg-data' LSL Data Publisher stream.
[2025-03-17 11:48:17,762] [lsl_data_pusher] [INFO] 'ixr-flow-eeg-data' LSL Data Publisher stream started.
[2025-03-17 11:48:17,762] [lsl_data_pusher] [INFO] Starting 'ixr-flow-gyro-data' LSL Data Publisher stream.
[2025-03-17 11:48:17,765] [lsl_data_pusher] [INFO] 'ixr-flow-gyro-data' LSL Data Publisher stream started.
[2025-03-17 11:48:17,765] [lsl_data_pusher] [INFO] Starting 'ixr-flow-ppg-data' LSL Data Publisher stream.
[2025-03-17 11:48:17,768] [lsl_data_pusher] [INFO] 'ixr-flow-ppg-data' LSL Data Publisher stream started.
[2025-03-17 11:48:48,816] [thread_brainflow] [INFO] Failed to prepare sessions, trying again.
[2025-03-17 11:48:48,817] [thread_brainflow] [INFO] Starting brainflow session.
[2025-03-17 11:49:19,920] [thread_brainflow] [INFO] Failed to prepare sessions, trying again.
[2025-03-17 11:49:19,920] [thread_brainflow] [INFO] Starting brainflow session.
